<?xml version="1.0" encoding="UTF-8"?>
<!-- Generated by org.testng.reporters.JUnitReportReporter -->
<testsuite hostname="WIN10H-K1F9EKP9" failures="0" tests="1" name="Extent.Adapter.Test" time="0.013" errors="0" timestamp="2020-07-18T11:06:24 IST" skipped="0">
  <testcase classname="Extent.Adapter.Test" name="Test" time="0.013"/>
  <system-out/>
</testsuite> <!-- Extent.Adapter.Test -->
